<?xml version="1.0" encoding="UTF-8"?>
<!-- Generated by org.testng.reporters.JUnitReportReporter -->
<testsuite hostname="DESKTOP-9SFNIPP" failures="0" tests="4" name="com.bank.test.ParaBankTest" time="16.332" errors="0" timestamp="2023-01-20T15:44:41 IST" skipped="0">
  <testcase classname="com.bank.test.ParaBankTest" name="register" time="3.674"/>
  <system-out/>
  <testcase classname="com.bank.test.ParaBankTest" name="register" time="6.647"/>
  <system-out/>
  <testcase classname="com.bank.test.ParaBankTest" name="login" time="3.491"/>
  <system-out/>
  <testcase classname="com.bank.test.ParaBankTest" name="login" time="2.520"/>
  <system-out/>
</testsuite> <!-- com.bank.test.ParaBankTest -->
